nohup: ignoring input

> api@1.0.0 dev /home/itumelengseema/Desktop/Workspace/ReactNative_Projects/moovSafe/api
> node --import=tsx --env-file=.env --watch src/index.ts

📚 Swagger UI available at http://localhost:3000/api-docs
🚀 Server is running on http://localhost:3000
📚 API Documentation: http://localhost:3000/api-docs
 Available endpoints: /api/vehicles, /api/inspections, /api/maintenance
Restarting 'src/index.ts'
📚 Swagger UI available at http://localhost:3000/api-docs
🚀 Server is running on http://localhost:3000
📚 API Documentation: http://localhost:3000/api-docs
 Available endpoints: /api/vehicles, /api/inspections, /api/maintenance
Restarting 'src/index.ts'
📚 Swagger UI available at http://localhost:3000/api-docs
🚀 Server is running on http://localhost:3000
📚 API Documentation: http://localhost:3000/api-docs
 Available endpoints: /api/vehicles, /api/inspections, /api/maintenance
Restarting 'src/index.ts'
📚 Swagger UI available at http://localhost:3000/api-docs
🚀 Server is running on http://localhost:3000
📚 API Documentation: http://localhost:3000/api-docs
 Available endpoints: /api/vehicles, /api/inspections, /api/maintenance
Restarting 'src/index.ts'
📚 Swagger UI available at http://localhost:3000/api-docs
🚀 Server is running on http://localhost:3000
📚 API Documentation: http://localhost:3000/api-docs
 Available endpoints: /api/vehicles, /api/inspections, /api/maintenance
Restarting 'src/index.ts'
📚 Swagger UI available at http://localhost:3000/api-docs
🚀 Server is running on http://localhost:3000
📚 API Documentation: http://localhost:3000/api-docs
 Available endpoints: /api/vehicles, /api/inspections, /api/maintenance
Restarting 'src/index.ts'
📚 Swagger UI available at http://localhost:3000/api-docs
🚀 Server is running on http://localhost:3000
📚 API Documentation: http://localhost:3000/api-docs
 Available endpoints: /api/vehicles, /api/inspections, /api/maintenance
